

Microchip MPLAB XC8 Assembler V2.20 build 20200408173844 
                                                                                               Thu Nov 26 08:47:52 2020

Microchip MPLAB XC8 C Compiler v2.20 (Free license) build 20200408173844 Og1 
     1                           	processor	16F15244
     2                           	pagewidth 120
     3                           	opt	flic
     4                           	psect	cinit,global,class=CODE,merge=1,delta=2
     5                           	psect	bssCOMMON,global,class=COMMON,space=1,delta=1,noexec
     6                           	psect	cstackCOMMON,global,class=COMMON,space=1,delta=1,noexec
     7                           	psect	maintext,global,class=CODE,merge=1,split=1,delta=2
     8                           	psect	text1,local,class=CODE,merge=1,delta=2
     9                           	psect	text2,local,class=CODE,merge=1,delta=2
    10                           	psect	text3,local,class=CODE,merge=1,delta=2
    11                           	psect	text4,local,class=CODE,merge=1,delta=2
    12                           	psect	text5,local,class=CODE,merge=1,delta=2
    13                           	psect	text6,local,class=CODE,merge=1,delta=2
    14                           	psect	text7,local,class=CODE,merge=1,delta=2
    15                           	psect	text8,local,class=CODE,merge=1,delta=2
    16                           	psect	text9,local,class=CODE,merge=1,delta=2
    17                           	psect	text10,local,class=CODE,merge=1,delta=2
    18                           	psect	text11,local,class=CODE,merge=1,delta=2
    19                           	psect	config,global,abs,ovrld,class=CONFIG,space=4,delta=2,noexec
    20                           	dabs	1,0x7E,2
    21  0000                     
    22                           ; Version 2.20
    23                           ; Generated 30/04/2020 GMT
    24                           ; 
    25                           ; Copyright © 2020, Microchip Technology Inc. and its subsidiaries ("Microchip")
    26                           ; All rights reserved.
    27                           ; 
    28                           ; This software is developed by Microchip Technology Inc. and its subsidiaries ("Microch
      +                          ip").
    29                           ; 
    30                           ; Redistribution and use in source and binary forms, with or without modification, are
    31                           ; permitted provided that the following conditions are met:
    32                           ; 
    33                           ;     1. Redistributions of source code must retain the above copyright notice, this lis
      +                          t of
    34                           ;        conditions and the following disclaimer.
    35                           ; 
    36                           ;     2. Redistributions in binary form must reproduce the above copyright notice, this 
      +                          list
    37                           ;        of conditions and the following disclaimer in the documentation and/or other
    38                           ;        materials provided with the distribution.
    39                           ; 
    40                           ;     3. Microchip's name may not be used to endorse or promote products derived from th
      +                          is
    41                           ;        software without specific prior written permission.
    42                           ; 
    43                           ; THIS SOFTWARE IS PROVIDED BY MICROCHIP "AS IS" AND ANY EXPRESS OR IMPLIED WARRANTIES,
    44                           ; INCLUDING, BUT NOT LIMITED TO, THE IMPLIED WARRANTIES OF MERCHANTABILITY AND FITNESS F
      +                          OR
    45                           ; PURPOSE ARE DISCLAIMED.  IN NO EVENT SHALL MICROCHIP BE LIABLE FOR ANY DIRECT, INDIREC
      +                          T,
    46                           ; INCIDENTAL, SPECIAL, EXEMPLARY, OR CONSEQUENTIAL DAMAGES (INCLUDING BUT NOT LIMITED TO
    47                           ; PROCUREMENT OF SUBSTITUTE GOODS OR SERVICES; LOSS OF USE, DATA OR PROFITS; OR BUSINESS
    48                           ; INTERRUPTION) HOWSOEVER CAUSED AND ON ANY THEORY OF LIABILITY, WHETHER IN CONTRACT, ST
      +                          RICT
    49                           ; LIABILITY, OR TORT (INCLUDING NEGLIGENCE OR OTHERWISE) ARISING IN ANY WAY OUT OF THE U
      +                          SE OF
    50                           ; THIS SOFTWARE, EVEN IF ADVISED OF THE POSSIBILITY OF SUCH DAMAGE.
    51                           ; 
    52                           ; 
    53                           ; Code-generator required, PIC16F15244 Definitions
    54                           ; 
    55                           ; SFR Addresses
    56  0000                     	;# 
    57  0001                     	;# 
    58  0002                     	;# 
    59  0003                     	;# 
    60  0004                     	;# 
    61  0005                     	;# 
    62  0006                     	;# 
    63  0007                     	;# 
    64  0008                     	;# 
    65  0009                     	;# 
    66  000A                     	;# 
    67  000B                     	;# 
    68  000C                     	;# 
    69  000D                     	;# 
    70  000E                     	;# 
    71  0012                     	;# 
    72  0013                     	;# 
    73  0014                     	;# 
    74  0018                     	;# 
    75  0019                     	;# 
    76  001A                     	;# 
    77  009A                     	;# 
    78  009B                     	;# 
    79  009B                     	;# 
    80  009C                     	;# 
    81  009D                     	;# 
    82  009E                     	;# 
    83  009F                     	;# 
    84  010C                     	;# 
    85  010D                     	;# 
    86  0119                     	;# 
    87  011A                     	;# 
    88  011B                     	;# 
    89  011B                     	;# 
    90  011C                     	;# 
    91  011D                     	;# 
    92  011E                     	;# 
    93  011F                     	;# 
    94  018C                     	;# 
    95  018D                     	;# 
    96  018E                     	;# 
    97  018F                     	;# 
    98  0190                     	;# 
    99  0191                     	;# 
   100  0192                     	;# 
   101  020C                     	;# 
   102  020D                     	;# 
   103  020E                     	;# 
   104  020E                     	;# 
   105  020F                     	;# 
   106  020F                     	;# 
   107  0210                     	;# 
   108  0210                     	;# 
   109  0211                     	;# 
   110  0211                     	;# 
   111  028C                     	;# 
   112  028C                     	;# 
   113  028D                     	;# 
   114  028D                     	;# 
   115  028E                     	;# 
   116  028F                     	;# 
   117  0290                     	;# 
   118  0291                     	;# 
   119  030C                     	;# 
   120  030C                     	;# 
   121  030D                     	;# 
   122  030E                     	;# 
   123  030F                     	;# 
   124  0310                     	;# 
   125  0310                     	;# 
   126  0311                     	;# 
   127  0312                     	;# 
   128  0313                     	;# 
   129  0314                     	;# 
   130  0314                     	;# 
   131  0315                     	;# 
   132  0316                     	;# 
   133  0318                     	;# 
   134  0318                     	;# 
   135  0319                     	;# 
   136  031A                     	;# 
   137  059C                     	;# 
   138  059C                     	;# 
   139  059D                     	;# 
   140  059D                     	;# 
   141  059E                     	;# 
   142  059F                     	;# 
   143  070C                     	;# 
   144  070D                     	;# 
   145  070E                     	;# 
   146  0716                     	;# 
   147  0717                     	;# 
   148  0718                     	;# 
   149  080C                     	;# 
   150  0811                     	;# 
   151  0813                     	;# 
   152  0814                     	;# 
   153  081A                     	;# 
   154  081A                     	;# 
   155  081B                     	;# 
   156  081C                     	;# 
   157  081C                     	;# 
   158  081D                     	;# 
   159  081E                     	;# 
   160  081F                     	;# 
   161  088E                     	;# 
   162  0890                     	;# 
   163  0891                     	;# 
   164  0892                     	;# 
   165  0893                     	;# 
   166  090C                     	;# 
   167  1E8F                     	;# 
   168  1E90                     	;# 
   169  1E91                     	;# 
   170  1E92                     	;# 
   171  1E93                     	;# 
   172  1E9C                     	;# 
   173  1EA1                     	;# 
   174  1EA2                     	;# 
   175  1EC3                     	;# 
   176  1EC5                     	;# 
   177  1EC6                     	;# 
   178  1EC7                     	;# 
   179  1ECB                     	;# 
   180  1ECB                     	;# 
   181  1ECB                     	;# 
   182  1ECC                     	;# 
   183  1ECC                     	;# 
   184  1ECC                     	;# 
   185  1F10                     	;# 
   186  1F11                     	;# 
   187  1F12                     	;# 
   188  1F14                     	;# 
   189  1F15                     	;# 
   190  1F1C                     	;# 
   191  1F1D                     	;# 
   192  1F1E                     	;# 
   193  1F1F                     	;# 
   194  1F20                     	;# 
   195  1F21                     	;# 
   196  1F22                     	;# 
   197  1F23                     	;# 
   198  1F24                     	;# 
   199  1F25                     	;# 
   200  1F26                     	;# 
   201  1F27                     	;# 
   202  1F38                     	;# 
   203  1F39                     	;# 
   204  1F3A                     	;# 
   205  1F3B                     	;# 
   206  1F3C                     	;# 
   207  1F3D                     	;# 
   208  1F3E                     	;# 
   209  1F3F                     	;# 
   210  1F43                     	;# 
   211  1F44                     	;# 
   212  1F45                     	;# 
   213  1F46                     	;# 
   214  1F47                     	;# 
   215  1F48                     	;# 
   216  1F49                     	;# 
   217  1F4A                     	;# 
   218  1F4E                     	;# 
   219  1F4F                     	;# 
   220  1F50                     	;# 
   221  1F51                     	;# 
   222  1F52                     	;# 
   223  1F53                     	;# 
   224  1F54                     	;# 
   225  1F55                     	;# 
   226  1FE4                     	;# 
   227  1FE5                     	;# 
   228  1FE6                     	;# 
   229  1FE7                     	;# 
   230  1FE8                     	;# 
   231  1FE8                     	;# 
   232  1FE9                     	;# 
   233  1FEA                     	;# 
   234  1FEB                     	;# 
   235  1FED                     	;# 
   236  1FEE                     	;# 
   237  1FEF                     	;# 
   238  000E                     _PORTCbits	set	14
   239  0019                     _LATBbits	set	25
   240  001A                     _LATCbits	set	26
   241  0014                     _TRISC	set	20
   242  0013                     _TRISB	set	19
   243  0012                     _TRISA	set	18
   244  001A                     _LATC	set	26
   245  0019                     _LATB	set	25
   246  0018                     _LATA	set	24
   247  00A7                     _TRISC7	set	167
   248  00A6                     _TRISC6	set	166
   249  00A5                     _TRISC5	set	165
   250  00A1                     _TRISC1	set	161
   251  00A0                     _TRISC0	set	160
   252  009C                     _TRISB4	set	156
   253  0092                     _TRISA2	set	146
   254  028E                     _T2CON	set	654
   255  028C                     _T2TMR	set	652
   256  028D                     _T2PR	set	653
   257  0291                     _T2RST	set	657
   258  028F                     _T2HLT	set	655
   259  0290                     _T2CLKCON	set	656
   260  0314                     _PWM3DCL	set	788
   261  0315                     _PWM3DCH	set	789
   262  0316                     _PWM3CON	set	790
   263  070D                     _PIR1bits	set	1805
   264  0892                     _OSCTUNE	set	2194
   265  0893                     _OSCFRQ	set	2195
   266  0891                     _OSCEN	set	2193
   267  1F12                     _RA2PPS	set	7954
   268  1F38                     _ANSELA	set	7992
   269  1F43                     _ANSELB	set	8003
   270  1F4E                     _ANSELC	set	8014
   271  1F52                     _INLVLC	set	8018
   272  1F47                     _INLVLB	set	8007
   273  1F3C                     _INLVLA	set	7996
   274  1F51                     _SLRCONC	set	8017
   275  1F46                     _SLRCONB	set	8006
   276  1F3B                     _SLRCONA	set	7995
   277  1F50                     _ODCONC	set	8016
   278  1F45                     _ODCONB	set	8005
   279  1F3A                     _ODCONA	set	7994
   280  1F4F                     _WPUC	set	8015
   281  1F39                     _WPUA	set	7993
   282  1F44                     _WPUB	set	8004
   283                           
   284                           	psect	cinit
   285  07F7                     start_initialization:	
   286                           ; #config settings
   287                           
   288  07F7                     __initialization:
   289                           
   290                           ; Clear objects allocated to COMMON
   291  07F7  01F0               	clrf	__pbssCOMMON& (0+127)
   292  07F8  01F1               	clrf	(__pbssCOMMON+1)& (0+127)
   293  07F9  01F2               	clrf	(__pbssCOMMON+2)& (0+127)
   294  07FA  01F3               	clrf	(__pbssCOMMON+3)& (0+127)
   295  07FB  01F4               	clrf	(__pbssCOMMON+4)& (0+127)
   296  07FC  01F5               	clrf	(__pbssCOMMON+5)& (0+127)
   297  07FD                     end_of_initialization:	
   298                           ;End of C runtime variable initialization code
   299                           
   300  07FD                     __end_of__initialization:
   301  07FD  0140               	movlb	0
   302  07FE  3187  2F4B         	ljmp	_main	;jump to C main() function
   303                           
   304                           	psect	bssCOMMON
   305  0070                     __pbssCOMMON:
   306  0070                     _estado:
   307  0070                     	ds	2
   308  0072                     _resultLow:
   309  0072                     	ds	2
   310  0074                     _resultHigh:
   311  0074                     	ds	2
   312                           
   313                           	psect	cstackCOMMON
   314  0076                     __pcstackCOMMON:
   315  0076                     ?_PIN_MANAGER_Initialize:
   316  0076                     ??_PIN_MANAGER_Initialize:	
   317                           ; 1 bytes @ 0x0
   318                           
   319  0076                     ?_OSCILLATOR_Initialize:	
   320                           ; 1 bytes @ 0x0
   321                           
   322  0076                     ??_OSCILLATOR_Initialize:	
   323                           ; 1 bytes @ 0x0
   324                           
   325  0076                     ?_TMR2_Initialize:	
   326                           ; 1 bytes @ 0x0
   327                           
   328  0076                     ??_TMR2_Initialize:	
   329                           ; 1 bytes @ 0x0
   330                           
   331  0076                     ?_PWM3_Initialize:	
   332                           ; 1 bytes @ 0x0
   333                           
   334  0076                     ??_PWM3_Initialize:	
   335                           ; 1 bytes @ 0x0
   336                           
   337  0076                     ?_PWM3_LoadDutyValue:	
   338                           ; 1 bytes @ 0x0
   339                           
   340  0076                     ?_MuyBajo:	
   341                           ; 1 bytes @ 0x0
   342                           
   343  0076                     ?_Bajo:	
   344                           ; 1 bytes @ 0x0
   345                           
   346  0076                     ?_Intermedio:	
   347                           ; 1 bytes @ 0x0
   348                           
   349  0076                     ?_Alto:	
   350                           ; 1 bytes @ 0x0
   351                           
   352  0076                     ?_Falla:	
   353                           ; 1 bytes @ 0x0
   354                           
   355  0076                     ?_Leer:	
   356                           ; 1 bytes @ 0x0
   357                           
   358  0076                     ?_main:	
   359                           ; 1 bytes @ 0x0
   360                           
   361  0076                     PWM3_LoadDutyValue@dutyValue:	
   362                           ; 1 bytes @ 0x0
   363                           
   364                           
   365                           ; 2 bytes @ 0x0
   366  0076                     	ds	2
   367  0078                     ??_PWM3_LoadDutyValue:
   368                           
   369                           ; 1 bytes @ 0x2
   370  0078                     	ds	2
   371  007A                     ??_MuyBajo:
   372  007A                     ??_Bajo:	
   373                           ; 1 bytes @ 0x4
   374                           
   375  007A                     ??_Intermedio:	
   376                           ; 1 bytes @ 0x4
   377                           
   378  007A                     ??_Alto:	
   379                           ; 1 bytes @ 0x4
   380                           
   381  007A                     ??_Falla:	
   382                           ; 1 bytes @ 0x4
   383                           
   384                           
   385                           ; 1 bytes @ 0x4
   386  007A                     	ds	1
   387  007B                     ??_Leer:
   388  007B                     ??_main:	
   389                           ; 1 bytes @ 0x5
   390                           
   391                           
   392                           ; 1 bytes @ 0x5
   393  007B                     	ds	1
   394                           
   395                           	psect	maintext
   396  074B                     __pmaintext:	
   397 ;;
   398 ;;Main: autosize = 0, tempsize = 1, incstack = 0, save=0
   399 ;;
   400 ;; *************** function _main *****************
   401 ;; Defined at:
   402 ;;		line 209 in file "main.c"
   403 ;; Parameters:    Size  Location     Type
   404 ;;		None
   405 ;; Auto vars:     Size  Location     Type
   406 ;;		None
   407 ;; Return value:  Size  Location     Type
   408 ;;                  1    wreg      void 
   409 ;; Registers used:
   410 ;;		wreg, status,2, status,0, pclath, cstack
   411 ;; Tracked objects:
   412 ;;		On entry : B3F/0
   413 ;;		On exit  : 0/0
   414 ;;		Unchanged: 0/0
   415 ;; Data sizes:     COMMON   BANK0   BANK1   BANK2   BANK3   BANK4   BANK5   BANK6
   416 ;;      Params:         0       0       0       0       0       0       0       0
   417 ;;      Locals:         0       0       0       0       0       0       0       0
   418 ;;      Temps:          1       0       0       0       0       0       0       0
   419 ;;      Totals:         1       0       0       0       0       0       0       0
   420 ;;Total ram usage:        1 bytes
   421 ;; Hardware stack levels required when called:    3
   422 ;; This function calls:
   423 ;;		_Leer
   424 ;;		_OSCILLATOR_Initialize
   425 ;;		_PIN_MANAGER_Initialize
   426 ;;		_PWM3_Initialize
   427 ;;		_TMR2_Initialize
   428 ;; This function is called by:
   429 ;;		Startup code after reset
   430 ;; This function uses a non-reentrant model
   431 ;;
   432                           
   433                           
   434                           ;psect for function _main
   435  074B                     _main:
   436  074B                     l887:	
   437                           ;incstack = 0
   438                           ; Regs used in _main: [wreg+status,2+status,0+pclath+cstack]
   439                           
   440  074B  3187  2786  3187   	fcall	_PIN_MANAGER_Initialize
   441  074E                     l889:
   442  074E  3186  26CB  3187   	fcall	_OSCILLATOR_Initialize
   443  0751                     l891:
   444  0751  3186  26D8  3187   	fcall	_TMR2_Initialize
   445  0754                     l893:
   446  0754  3186  26D0  3187   	fcall	_PWM3_Initialize
   447  0757                     l895:
   448  0757  01F0               	clrf	_estado
   449  0758  01F1               	clrf	_estado+1
   450  0759                     l897:
   451  0759  3187  27B2  3187   	fcall	_Leer
   452  075C                     l899:
   453  075C  3011               	movlw	17
   454  075D  00FB               	movwf	??_main
   455  075E  303A               	movlw	58
   456  075F                     u277:
   457  075F  0B89               	decfsz	9,f
   458  0760  2F5F               	goto	u277
   459  0761  0BFB               	decfsz	??_main,f
   460  0762  2F5F               	goto	u277
   461  0763  3200               	nop2
   462  0764  2F59               	goto	l897
   463  0765  3180  2802         	ljmp	start
   464  0767                     __end_of_main:
   465                           
   466                           	psect	text1
   467  06D8                     __ptext1:	
   468 ;; *************** function _TMR2_Initialize *****************
   469 ;; Defined at:
   470 ;;		line 109 in file "main.c"
   471 ;; Parameters:    Size  Location     Type
   472 ;;		None
   473 ;; Auto vars:     Size  Location     Type
   474 ;;		None
   475 ;; Return value:  Size  Location     Type
   476 ;;                  1    wreg      void 
   477 ;; Registers used:
   478 ;;		wreg, status,2
   479 ;; Tracked objects:
   480 ;;		On entry : 0/0
   481 ;;		On exit  : 0/0
   482 ;;		Unchanged: 0/0
   483 ;; Data sizes:     COMMON   BANK0   BANK1   BANK2   BANK3   BANK4   BANK5   BANK6
   484 ;;      Params:         0       0       0       0       0       0       0       0
   485 ;;      Locals:         0       0       0       0       0       0       0       0
   486 ;;      Temps:          0       0       0       0       0       0       0       0
   487 ;;      Totals:         0       0       0       0       0       0       0       0
   488 ;;Total ram usage:        0 bytes
   489 ;; Hardware stack levels used:    1
   490 ;; This function calls:
   491 ;;		Nothing
   492 ;; This function is called by:
   493 ;;		_main
   494 ;; This function uses a non-reentrant model
   495 ;;
   496                           
   497                           
   498                           ;psect for function _TMR2_Initialize
   499  06D8                     _TMR2_Initialize:
   500  06D8                     l765:	
   501                           ;incstack = 0
   502                           ; Regs used in _TMR2_Initialize: [wreg+status,2]
   503                           
   504                           
   505                           ;main.c: 111:     LATCbits.LATC1 = 0;
   506  06D8  3001               	movlw	1
   507  06D9  0145               	movlb	5	; select bank5
   508  06DA  0090               	movwf	16	;volatile
   509  06DB                     l767:
   510                           
   511                           ;main.c: 112:     LATBbits.LATB4 = 0;
   512  06DB  018F               	clrf	15	;volatile
   513  06DC                     l769:
   514                           
   515                           ;main.c: 113:     PWM3_LoadDutyValue(250);
   516  06DC  0191               	clrf	17	;volatile
   517                           
   518                           ;main.c: 114:     _delay((unsigned long)((100)*(1000000/4000.0)));
   519  06DD  30F9               	movlw	249
   520  06DE  008D               	movwf	13	;volatile
   521  06DF                     l771:
   522                           
   523                           ;main.c: 115: }
   524  06DF  018C               	clrf	12	;volatile
   525  06E0                     l773:
   526                           
   527                           ;main.c: 116: 
   528  06E0  014E               	movlb	14	; select bank14
   529  06E1  130D               	bcf	13,6	;volatile
   530  06E2                     l775:
   531                           
   532                           ;main.c: 117: void Intermedio(void)
   533  06E2  3080               	movlw	128
   534  06E3  0145               	movlb	5	; select bank5
   535  06E4  008E               	movwf	14	;volatile
   536  06E5                     l107:
   537  06E5  0008               	return
   538  06E6                     __end_of_TMR2_Initialize:
   539                           
   540                           	psect	text2
   541  06D0                     __ptext2:	
   542 ;; *************** function _PWM3_Initialize *****************
   543 ;; Defined at:
   544 ;;		line 120 in file "main.c"
   545 ;; Parameters:    Size  Location     Type
   546 ;;		None
   547 ;; Auto vars:     Size  Location     Type
   548 ;;		None
   549 ;; Return value:  Size  Location     Type
   550 ;;                  1    wreg      void 
   551 ;; Registers used:
   552 ;;		wreg
   553 ;; Tracked objects:
   554 ;;		On entry : 0/0
   555 ;;		On exit  : 0/0
   556 ;;		Unchanged: 0/0
   557 ;; Data sizes:     COMMON   BANK0   BANK1   BANK2   BANK3   BANK4   BANK5   BANK6
   558 ;;      Params:         0       0       0       0       0       0       0       0
   559 ;;      Locals:         0       0       0       0       0       0       0       0
   560 ;;      Temps:          0       0       0       0       0       0       0       0
   561 ;;      Totals:         0       0       0       0       0       0       0       0
   562 ;;Total ram usage:        0 bytes
   563 ;; Hardware stack levels used:    1
   564 ;; This function calls:
   565 ;;		Nothing
   566 ;; This function is called by:
   567 ;;		_main
   568 ;; This function uses a non-reentrant model
   569 ;;
   570                           
   571                           
   572                           ;psect for function _PWM3_Initialize
   573  06D0                     _PWM3_Initialize:
   574  06D0                     l777:	
   575                           ;incstack = 0
   576                           ; Regs used in _PWM3_Initialize: [wreg]
   577                           
   578                           
   579                           ;main.c: 122:     PWM3_LoadDutyValue(500);
   580  06D0  3090               	movlw	144
   581  06D1  0146               	movlb	6	; select bank6
   582  06D2  0096               	movwf	22	;volatile
   583                           
   584                           ;main.c: 123:     _delay((unsigned long)((100)*(1000000/4000.0)));
   585  06D3  303E               	movlw	62
   586  06D4  0095               	movwf	21	;volatile
   587                           
   588                           ;main.c: 124: }
   589  06D5  3040               	movlw	64
   590  06D6  0094               	movwf	20	;volatile
   591  06D7                     l110:
   592  06D7  0008               	return
   593  06D8                     __end_of_PWM3_Initialize:
   594                           
   595                           	psect	text3
   596  0786                     __ptext3:	
   597 ;; *************** function _PIN_MANAGER_Initialize *****************
   598 ;; Defined at:
   599 ;;		line 50 in file "main.c"
   600 ;; Parameters:    Size  Location     Type
   601 ;;		None
   602 ;; Auto vars:     Size  Location     Type
   603 ;;		None
   604 ;; Return value:  Size  Location     Type
   605 ;;                  1    wreg      void 
   606 ;; Registers used:
   607 ;;		wreg, status,2
   608 ;; Tracked objects:
   609 ;;		On entry : 0/0
   610 ;;		On exit  : 0/0
   611 ;;		Unchanged: 0/0
   612 ;; Data sizes:     COMMON   BANK0   BANK1   BANK2   BANK3   BANK4   BANK5   BANK6
   613 ;;      Params:         0       0       0       0       0       0       0       0
   614 ;;      Locals:         0       0       0       0       0       0       0       0
   615 ;;      Temps:          0       0       0       0       0       0       0       0
   616 ;;      Totals:         0       0       0       0       0       0       0       0
   617 ;;Total ram usage:        0 bytes
   618 ;; Hardware stack levels used:    1
   619 ;; This function calls:
   620 ;;		Nothing
   621 ;; This function is called by:
   622 ;;		_main
   623 ;; This function uses a non-reentrant model
   624 ;;
   625                           
   626                           
   627                           ;psect for function _PIN_MANAGER_Initialize
   628  0786                     _PIN_MANAGER_Initialize:
   629  0786                     l711:	
   630                           ;incstack = 0
   631                           ; Regs used in _PIN_MANAGER_Initialize: [wreg+status,2]
   632                           
   633                           
   634                           ;main.c: 53: 
   635  0786  0140               	movlb	0	; select bank0
   636  0787  0198               	clrf	24	;volatile
   637                           
   638                           ;main.c: 54: }
   639  0788  0199               	clrf	25	;volatile
   640                           
   641                           ;main.c: 55: 
   642  0789  019A               	clrf	26	;volatile
   643  078A                     l713:
   644                           
   645                           ;main.c: 58: void OSCILLATOR_Initialize(void)
   646  078A  3010               	movlw	16
   647  078B  0092               	movwf	18	;volatile
   648  078C                     l715:
   649                           
   650                           ;main.c: 59: {
   651  078C  30F0               	movlw	240
   652  078D  0093               	movwf	19	;volatile
   653  078E                     l717:
   654                           
   655                           ;main.c: 60:     OSCEN = 0x00;
   656  078E  30FF               	movlw	255
   657  078F  0094               	movwf	20	;volatile
   658  0790                     l719:
   659                           
   660                           ;main.c: 63: }
   661  0790  017E               	movlb	62	; select bank62
   662  0791  01C4               	clrf	68	;volatile
   663  0792                     l721:
   664                           
   665                           ;main.c: 64: 
   666  0792  01B9               	clrf	57	;volatile
   667  0793                     l723:
   668                           
   669                           ;main.c: 65: void TMR2_Initialize(void)
   670  0793  01CF               	clrf	79	;volatile
   671  0794                     l725:
   672                           
   673                           ;main.c: 68:     T2HLT = 0x00;
   674  0794  01BA               	clrf	58	;volatile
   675  0795                     l727:
   676                           
   677                           ;main.c: 69:     T2RST = 0x00;
   678  0795  01C5               	clrf	69	;volatile
   679  0796                     l729:
   680                           
   681                           ;main.c: 70:     T2PR = 249;
   682  0796  01D0               	clrf	80	;volatile
   683  0797                     l731:
   684                           
   685                           ;main.c: 73:     T2CON = 0b10000000;
   686  0797  3037               	movlw	55
   687  0798  00BB               	movwf	59	;volatile
   688  0799                     l733:
   689                           
   690                           ;main.c: 74: }
   691  0799  30F0               	movlw	240
   692  079A  00C6               	movwf	70	;volatile
   693  079B                     l735:
   694                           
   695                           ;main.c: 75: 
   696  079B  30FF               	movlw	255
   697  079C  00D1               	movwf	81	;volatile
   698  079D                     l737:
   699                           
   700                           ;main.c: 78:     PWM3CON = 0x90;
   701  079D  303F               	movlw	63
   702  079E  00BC               	movwf	60	;volatile
   703  079F                     l739:
   704                           
   705                           ;main.c: 79:     PWM3DCH = 0x3E;
   706  079F  30F0               	movlw	240
   707  07A0  00C7               	movwf	71	;volatile
   708  07A1                     l741:
   709                           
   710                           ;main.c: 80:     PWM3DCL = 0x40;
   711  07A1  30FF               	movlw	255
   712  07A2  00D2               	movwf	82	;volatile
   713  07A3                     l743:
   714                           
   715                           ;main.c: 83: 
   716  07A3  01CE               	clrf	78	;volatile
   717  07A4                     l745:
   718                           
   719                           ;main.c: 84: 
   720  07A4  01C3               	clrf	67	;volatile
   721  07A5                     l747:
   722                           
   723                           ;main.c: 85: 
   724  07A5  01B8               	clrf	56	;volatile
   725  07A6                     l749:
   726                           
   727                           ;main.c: 89:      PWM3DCH = (dutyValue & 0x03FC)>>2;
   728  07A6  0140               	movlb	0	; select bank0
   729  07A7  1112               	bcf	18,2	;volatile
   730  07A8                     l751:
   731                           
   732                           ;main.c: 90:      PWM3DCL = (dutyValue & 0x0003)<<6;
   733  07A8  1213               	bcf	19,4	;volatile
   734  07A9                     l753:
   735                           
   736                           ;main.c: 91:  }
   737  07A9  1014               	bcf	20,0	;volatile
   738  07AA                     l755:
   739                           
   740                           ;main.c: 92: 
   741  07AA  1094               	bcf	20,1	;volatile
   742  07AB                     l757:
   743                           
   744                           ;main.c: 93: 
   745  07AB  1694               	bsf	20,5	;volatile
   746  07AC                     l759:
   747                           
   748                           ;main.c: 94: 
   749  07AC  1714               	bsf	20,6	;volatile
   750  07AD                     l761:
   751                           
   752                           ;main.c: 95: void MuyBajo(void)
   753  07AD  1794               	bsf	20,7	;volatile
   754                           
   755                           ;main.c: 96: {
   756  07AE  3003               	movlw	3
   757  07AF  017E               	movlb	62	; select bank62
   758  07B0  0092               	movwf	18	;volatile
   759  07B1                     l101:
   760  07B1  0008               	return
   761  07B2                     __end_of_PIN_MANAGER_Initialize:
   762                           
   763                           	psect	text4
   764  06CB                     __ptext4:	
   765 ;; *************** function _OSCILLATOR_Initialize *****************
   766 ;; Defined at:
   767 ;;		line 102 in file "main.c"
   768 ;; Parameters:    Size  Location     Type
   769 ;;		None
   770 ;; Auto vars:     Size  Location     Type
   771 ;;		None
   772 ;; Return value:  Size  Location     Type
   773 ;;                  1    wreg      void 
   774 ;; Registers used:
   775 ;;		status,2
   776 ;; Tracked objects:
   777 ;;		On entry : 0/0
   778 ;;		On exit  : 0/0
   779 ;;		Unchanged: 0/0
   780 ;; Data sizes:     COMMON   BANK0   BANK1   BANK2   BANK3   BANK4   BANK5   BANK6
   781 ;;      Params:         0       0       0       0       0       0       0       0
   782 ;;      Locals:         0       0       0       0       0       0       0       0
   783 ;;      Temps:          0       0       0       0       0       0       0       0
   784 ;;      Totals:         0       0       0       0       0       0       0       0
   785 ;;Total ram usage:        0 bytes
   786 ;; Hardware stack levels used:    1
   787 ;; This function calls:
   788 ;;		Nothing
   789 ;; This function is called by:
   790 ;;		_main
   791 ;; This function uses a non-reentrant model
   792 ;;
   793                           
   794                           
   795                           ;psect for function _OSCILLATOR_Initialize
   796  06CB                     _OSCILLATOR_Initialize:
   797  06CB                     l763:	
   798                           ;incstack = 0
   799                           ; Regs used in _OSCILLATOR_Initialize: [status,2]
   800                           
   801                           
   802                           ;main.c: 104:     _delay((unsigned long)((500)*(1000000/4000.0)));
   803  06CB  0151               	movlb	17	; select bank17
   804  06CC  0191               	clrf	17	;volatile
   805                           
   806                           ;main.c: 105:     PWM3_LoadDutyValue(0);
   807  06CD  0193               	clrf	19	;volatile
   808                           
   809                           ;main.c: 106: }
   810  06CE  0192               	clrf	18	;volatile
   811  06CF                     l104:
   812  06CF  0008               	return
   813  06D0                     __end_of_OSCILLATOR_Initialize:
   814                           
   815                           	psect	text5
   816  07B2                     __ptext5:	
   817 ;; *************** function _Leer *****************
   818 ;; Defined at:
   819 ;;		line 188 in file "main.c"
   820 ;; Parameters:    Size  Location     Type
   821 ;;		None
   822 ;; Auto vars:     Size  Location     Type
   823 ;;		None
   824 ;; Return value:  Size  Location     Type
   825 ;;                  1    wreg      void 
   826 ;; Registers used:
   827 ;;		wreg, status,2, status,0, pclath, cstack
   828 ;; Tracked objects:
   829 ;;		On entry : 0/0
   830 ;;		On exit  : 0/0
   831 ;;		Unchanged: 0/0
   832 ;; Data sizes:     COMMON   BANK0   BANK1   BANK2   BANK3   BANK4   BANK5   BANK6
   833 ;;      Params:         0       0       0       0       0       0       0       0
   834 ;;      Locals:         0       0       0       0       0       0       0       0
   835 ;;      Temps:          0       0       0       0       0       0       0       0
   836 ;;      Totals:         0       0       0       0       0       0       0       0
   837 ;;Total ram usage:        0 bytes
   838 ;; Hardware stack levels used:    1
   839 ;; Hardware stack levels required when called:    2
   840 ;; This function calls:
   841 ;;		_Alto
   842 ;;		_Bajo
   843 ;;		_Falla
   844 ;;		_Intermedio
   845 ;;		_MuyBajo
   846 ;; This function is called by:
   847 ;;		_main
   848 ;; This function uses a non-reentrant model
   849 ;;
   850                           
   851                           
   852                           ;psect for function _Leer
   853  07B2                     _Leer:
   854  07B2                     l859:	
   855                           ;incstack = 0
   856                           ; Regs used in _Leer: [wreg+status,2+status,0+pclath+cstack]
   857                           
   858  07B2  0140               	movlb	0	; select bank0
   859  07B3  1B8E               	btfsc	14,7	;volatile
   860  07B4  2FB6               	goto	u151
   861  07B5  2FB7               	goto	u150
   862  07B6                     u151:
   863  07B6  2FC3               	goto	l131
   864  07B7                     u150:
   865  07B7                     l861:
   866  07B7  1B0E               	btfsc	14,6	;volatile
   867  07B8  2FBA               	goto	u161
   868  07B9  2FBB               	goto	u160
   869  07BA                     u161:
   870  07BA  2FC3               	goto	l131
   871  07BB                     u160:
   872  07BB                     l863:
   873  07BB  1A8E               	btfsc	14,5	;volatile
   874  07BC  2FBE               	goto	u171
   875  07BD  2FBF               	goto	u170
   876  07BE                     u171:
   877  07BE  2FC3               	goto	l131
   878  07BF                     u170:
   879  07BF                     l865:
   880  07BF  3187  2767  3187   	fcall	_MuyBajo
   881  07C2  2FF6               	goto	l139
   882  07C3                     l131:
   883  07C3  1F8E               	btfss	14,7	;volatile
   884  07C4  2FC6               	goto	u181
   885  07C5  2FC7               	goto	u180
   886  07C6                     u181:
   887  07C6  2FD3               	goto	l133
   888  07C7                     u180:
   889  07C7                     l867:
   890  07C7  1B0E               	btfsc	14,6	;volatile
   891  07C8  2FCA               	goto	u191
   892  07C9  2FCB               	goto	u190
   893  07CA                     u191:
   894  07CA  2FD3               	goto	l133
   895  07CB                     u190:
   896  07CB                     l869:
   897  07CB  1A8E               	btfsc	14,5	;volatile
   898  07CC  2FCE               	goto	u201
   899  07CD  2FCF               	goto	u200
   900  07CE                     u201:
   901  07CE  2FD3               	goto	l133
   902  07CF                     u200:
   903  07CF                     l871:
   904  07CF  3187  270D  3187   	fcall	_Bajo
   905  07D2  2FF6               	goto	l139
   906  07D3                     l133:
   907  07D3  1F8E               	btfss	14,7	;volatile
   908  07D4  2FD6               	goto	u211
   909  07D5  2FD7               	goto	u210
   910  07D6                     u211:
   911  07D6  2FE3               	goto	l135
   912  07D7                     u210:
   913  07D7                     l873:
   914  07D7  1F0E               	btfss	14,6	;volatile
   915  07D8  2FDA               	goto	u221
   916  07D9  2FDB               	goto	u220
   917  07DA                     u221:
   918  07DA  2FE3               	goto	l135
   919  07DB                     u220:
   920  07DB                     l875:
   921  07DB  1A8E               	btfsc	14,5	;volatile
   922  07DC  2FDE               	goto	u231
   923  07DD  2FDF               	goto	u230
   924  07DE                     u231:
   925  07DE  2FE3               	goto	l135
   926  07DF                     u230:
   927  07DF                     l877:
   928  07DF  3187  2721  3187   	fcall	_Intermedio
   929  07E2  2FF6               	goto	l139
   930  07E3                     l135:
   931  07E3  1F8E               	btfss	14,7	;volatile
   932  07E4  2FE6               	goto	u241
   933  07E5  2FE7               	goto	u240
   934  07E6                     u241:
   935  07E6  2FF3               	goto	l885
   936  07E7                     u240:
   937  07E7                     l879:
   938  07E7  1F0E               	btfss	14,6	;volatile
   939  07E8  2FEA               	goto	u251
   940  07E9  2FEB               	goto	u250
   941  07EA                     u251:
   942  07EA  2FF3               	goto	l885
   943  07EB                     u250:
   944  07EB                     l881:
   945  07EB  1E8E               	btfss	14,5	;volatile
   946  07EC  2FEE               	goto	u261
   947  07ED  2FEF               	goto	u260
   948  07EE                     u261:
   949  07EE  2FF3               	goto	l885
   950  07EF                     u260:
   951  07EF                     l883:
   952  07EF  3186  26F9  3187   	fcall	_Alto
   953  07F2  2FF6               	goto	l139
   954  07F3                     l885:
   955  07F3  3186  26E6  3187   	fcall	_Falla
   956  07F6                     l139:
   957  07F6  0008               	return
   958  07F7                     __end_of_Leer:
   959                           
   960                           	psect	text6
   961  0767                     __ptext6:	
   962 ;; *************** function _MuyBajo *****************
   963 ;; Defined at:
   964 ;;		line 139 in file "main.c"
   965 ;; Parameters:    Size  Location     Type
   966 ;;		None
   967 ;; Auto vars:     Size  Location     Type
   968 ;;		None
   969 ;; Return value:  Size  Location     Type
   970 ;;                  1    wreg      void 
   971 ;; Registers used:
   972 ;;		wreg, status,2, status,0, pclath, cstack
   973 ;; Tracked objects:
   974 ;;		On entry : 0/0
   975 ;;		On exit  : 0/0
   976 ;;		Unchanged: 0/0
   977 ;; Data sizes:     COMMON   BANK0   BANK1   BANK2   BANK3   BANK4   BANK5   BANK6
   978 ;;      Params:         0       0       0       0       0       0       0       0
   979 ;;      Locals:         0       0       0       0       0       0       0       0
   980 ;;      Temps:          1       0       0       0       0       0       0       0
   981 ;;      Totals:         1       0       0       0       0       0       0       0
   982 ;;Total ram usage:        1 bytes
   983 ;; Hardware stack levels used:    1
   984 ;; Hardware stack levels required when called:    1
   985 ;; This function calls:
   986 ;;		_PWM3_LoadDutyValue
   987 ;; This function is called by:
   988 ;;		_Leer
   989 ;; This function uses a non-reentrant model
   990 ;;
   991                           
   992                           
   993                           ;psect for function _MuyBajo
   994  0767                     _MuyBajo:
   995  0767                     l823:	
   996                           ;incstack = 0
   997                           ; Regs used in _MuyBajo: [wreg+status,2+status,0+pclath+cstack]
   998                           
   999                           
  1000                           ;main.c: 141:     _delay((unsigned long)((100)*(1000000/4000.0)));
  1001  0767  0140               	movlb	0	; select bank0
  1002  0768  141A               	bsf	26,0	;volatile
  1003                           
  1004                           ;main.c: 142: }
  1005  0769  149A               	bsf	26,1	;volatile
  1006                           
  1007                           ;main.c: 143: 
  1008  076A  1619               	bsf	25,4	;volatile
  1009  076B                     l825:
  1010                           
  1011                           ;main.c: 144: void Leer()
  1012  076B  30A3               	movlw	163
  1013  076C  00FA               	movwf	??_MuyBajo
  1014  076D  3055               	movlw	85
  1015  076E                     u287:
  1016  076E  0B89               	decfsz	9,f
  1017  076F  2F6E               	goto	u287
  1018  0770  0BFA               	decfsz	??_MuyBajo,f
  1019  0771  2F6E               	goto	u287
  1020  0772  0000               	nop
  1021  0773                     l827:
  1022                           
  1023                           ;main.c: 145: {
  1024  0773  0140               	movlb	0	; select bank0
  1025  0774  101A               	bcf	26,0	;volatile
  1026  0775                     l829:
  1027                           
  1028                           ;main.c: 146:     if((PORTCbits.RC7==0)&&(PORTCbits.RC6==0)&&(PORTCbits.RC5==0))
  1029  0775  109A               	bcf	26,1	;volatile
  1030  0776                     l831:
  1031                           
  1032                           ;main.c: 147:     {
  1033  0776  1219               	bcf	25,4	;volatile
  1034                           
  1035                           ;main.c: 148:         MuyBajo();
  1036  0777  30A3               	movlw	163
  1037  0778  00FA               	movwf	??_MuyBajo
  1038  0779  3055               	movlw	85
  1039  077A                     u297:
  1040  077A  0B89               	decfsz	9,f
  1041  077B  2F7A               	goto	u297
  1042  077C  0BFA               	decfsz	??_MuyBajo,f
  1043  077D  2F7A               	goto	u297
  1044  077E  0000               	nop
  1045  077F                     l833:
  1046                           
  1047                           ;main.c: 149:     }
  1048  077F  3000               	movlw	0
  1049  0780  00F6               	movwf	PWM3_LoadDutyValue@dutyValue
  1050  0781  00F7               	movwf	PWM3_LoadDutyValue@dutyValue+1
  1051  0782  3187  2735  3187   	fcall	_PWM3_LoadDutyValue
  1052  0785                     l116:
  1053  0785  0008               	return
  1054  0786                     __end_of_MuyBajo:
  1055                           
  1056                           	psect	text7
  1057  0721                     __ptext7:	
  1058 ;; *************** function _Intermedio *****************
  1059 ;; Defined at:
  1060 ;;		line 161 in file "main.c"
  1061 ;; Parameters:    Size  Location     Type
  1062 ;;		None
  1063 ;; Auto vars:     Size  Location     Type
  1064 ;;		None
  1065 ;; Return value:  Size  Location     Type
  1066 ;;                  1    wreg      void 
  1067 ;; Registers used:
  1068 ;;		wreg, status,2, status,0, pclath, cstack
  1069 ;; Tracked objects:
  1070 ;;		On entry : 0/0
  1071 ;;		On exit  : 0/0
  1072 ;;		Unchanged: 0/0
  1073 ;; Data sizes:     COMMON   BANK0   BANK1   BANK2   BANK3   BANK4   BANK5   BANK6
  1074 ;;      Params:         0       0       0       0       0       0       0       0
  1075 ;;      Locals:         0       0       0       0       0       0       0       0
  1076 ;;      Temps:          1       0       0       0       0       0       0       0
  1077 ;;      Totals:         1       0       0       0       0       0       0       0
  1078 ;;Total ram usage:        1 bytes
  1079 ;; Hardware stack levels used:    1
  1080 ;; Hardware stack levels required when called:    1
  1081 ;; This function calls:
  1082 ;;		_PWM3_LoadDutyValue
  1083 ;; This function is called by:
  1084 ;;		_Leer
  1085 ;; This function uses a non-reentrant model
  1086 ;;
  1087                           
  1088                           
  1089                           ;psect for function _Intermedio
  1090  0721                     _Intermedio:
  1091  0721                     l841:	
  1092                           ;incstack = 0
  1093                           ; Regs used in _Intermedio: [wreg+status,2+status,0+pclath+cstack]
  1094                           
  1095                           
  1096                           ;main.c: 163: }
  1097  0721  0140               	movlb	0	; select bank0
  1098  0722  141A               	bsf	26,0	;volatile
  1099                           
  1100                           ;main.c: 164: 
  1101  0723  149A               	bsf	26,1	;volatile
  1102                           
  1103                           ;main.c: 165: void main(void)
  1104  0724  1219               	bcf	25,4	;volatile
  1105  0725                     l843:
  1106                           
  1107                           ;main.c: 166: {
  1108  0725  30F4               	movlw	244
  1109  0726  00F6               	movwf	PWM3_LoadDutyValue@dutyValue
  1110  0727  3001               	movlw	1
  1111  0728  00F7               	movwf	PWM3_LoadDutyValue@dutyValue+1
  1112  0729  3187  2735  3187   	fcall	_PWM3_LoadDutyValue
  1113  072C                     l845:
  1114                           
  1115                           ;main.c: 167:     PIN_MANAGER_Initialize();
  1116  072C  3021               	movlw	33
  1117  072D  00FA               	movwf	??_Intermedio
  1118  072E  3076               	movlw	118
  1119  072F                     u307:
  1120  072F  0B89               	decfsz	9,f
  1121  0730  2F2F               	goto	u307
  1122  0731  0BFA               	decfsz	??_Intermedio,f
  1123  0732  2F2F               	goto	u307
  1124  0733  3200               	nop2
  1125  0734                     l122:
  1126  0734  0008               	return
  1127  0735                     __end_of_Intermedio:
  1128                           
  1129                           	psect	text8
  1130  06E6                     __ptext8:	
  1131 ;; *************** function _Falla *****************
  1132 ;; Defined at:
  1133 ;;		line 179 in file "main.c"
  1134 ;; Parameters:    Size  Location     Type
  1135 ;;		None
  1136 ;; Auto vars:     Size  Location     Type
  1137 ;;		None
  1138 ;; Return value:  Size  Location     Type
  1139 ;;                  1    wreg      void 
  1140 ;; Registers used:
  1141 ;;		wreg, status,2, status,0, pclath, cstack
  1142 ;; Tracked objects:
  1143 ;;		On entry : 0/0
  1144 ;;		On exit  : 0/0
  1145 ;;		Unchanged: 0/0
  1146 ;; Data sizes:     COMMON   BANK0   BANK1   BANK2   BANK3   BANK4   BANK5   BANK6
  1147 ;;      Params:         0       0       0       0       0       0       0       0
  1148 ;;      Locals:         0       0       0       0       0       0       0       0
  1149 ;;      Temps:          1       0       0       0       0       0       0       0
  1150 ;;      Totals:         1       0       0       0       0       0       0       0
  1151 ;;Total ram usage:        1 bytes
  1152 ;; Hardware stack levels used:    1
  1153 ;; Hardware stack levels required when called:    1
  1154 ;; This function calls:
  1155 ;;		_PWM3_LoadDutyValue
  1156 ;; This function is called by:
  1157 ;;		_Leer
  1158 ;; This function uses a non-reentrant model
  1159 ;;
  1160                           
  1161                           
  1162                           ;psect for function _Falla
  1163  06E6                     _Falla:
  1164  06E6                     l853:	
  1165                           ;incstack = 0
  1166                           ; Regs used in _Falla: [wreg+status,2+status,0+pclath+cstack]
  1167                           
  1168  06E6  0140               	movlb	0	; select bank0
  1169  06E7  101A               	bcf	26,0	;volatile
  1170  06E8  109A               	bcf	26,1	;volatile
  1171  06E9  1219               	bcf	25,4	;volatile
  1172  06EA                     l855:
  1173  06EA  3000               	movlw	0
  1174  06EB  00F6               	movwf	PWM3_LoadDutyValue@dutyValue
  1175  06EC  00F7               	movwf	PWM3_LoadDutyValue@dutyValue+1
  1176  06ED  3187  2735  3186   	fcall	_PWM3_LoadDutyValue
  1177  06F0                     l857:
  1178  06F0  3021               	movlw	33
  1179  06F1  00FA               	movwf	??_Falla
  1180  06F2  3076               	movlw	118
  1181  06F3                     u317:
  1182  06F3  0B89               	decfsz	9,f
  1183  06F4  2EF3               	goto	u317
  1184  06F5  0BFA               	decfsz	??_Falla,f
  1185  06F6  2EF3               	goto	u317
  1186  06F7  3200               	nop2
  1187  06F8                     l128:
  1188  06F8  0008               	return
  1189  06F9                     __end_of_Falla:
  1190                           
  1191                           	psect	text9
  1192  070D                     __ptext9:	
  1193 ;; *************** function _Bajo *****************
  1194 ;; Defined at:
  1195 ;;		line 152 in file "main.c"
  1196 ;; Parameters:    Size  Location     Type
  1197 ;;		None
  1198 ;; Auto vars:     Size  Location     Type
  1199 ;;		None
  1200 ;; Return value:  Size  Location     Type
  1201 ;;                  1    wreg      void 
  1202 ;; Registers used:
  1203 ;;		wreg, status,2, status,0, pclath, cstack
  1204 ;; Tracked objects:
  1205 ;;		On entry : 0/0
  1206 ;;		On exit  : 0/0
  1207 ;;		Unchanged: 0/0
  1208 ;; Data sizes:     COMMON   BANK0   BANK1   BANK2   BANK3   BANK4   BANK5   BANK6
  1209 ;;      Params:         0       0       0       0       0       0       0       0
  1210 ;;      Locals:         0       0       0       0       0       0       0       0
  1211 ;;      Temps:          1       0       0       0       0       0       0       0
  1212 ;;      Totals:         1       0       0       0       0       0       0       0
  1213 ;;Total ram usage:        1 bytes
  1214 ;; Hardware stack levels used:    1
  1215 ;; Hardware stack levels required when called:    1
  1216 ;; This function calls:
  1217 ;;		_PWM3_LoadDutyValue
  1218 ;; This function is called by:
  1219 ;;		_Leer
  1220 ;; This function uses a non-reentrant model
  1221 ;;
  1222                           
  1223                           
  1224                           ;psect for function _Bajo
  1225  070D                     _Bajo:
  1226  070D                     l835:	
  1227                           ;incstack = 0
  1228                           ; Regs used in _Bajo: [wreg+status,2+status,0+pclath+cstack]
  1229                           
  1230                           
  1231                           ;main.c: 154:     else if((PORTCbits.RC7==1)&&(PORTCbits.RC6==1)&&(PORTCbits.RC5==0))
  1232  070D  0140               	movlb	0	; select bank0
  1233  070E  141A               	bsf	26,0	;volatile
  1234                           
  1235                           ;main.c: 155:     {
  1236  070F  109A               	bcf	26,1	;volatile
  1237                           
  1238                           ;main.c: 156:         Intermedio();
  1239  0710  1219               	bcf	25,4	;volatile
  1240  0711                     l837:
  1241                           
  1242                           ;main.c: 157:     }
  1243  0711  30FA               	movlw	250
  1244  0712  00F6               	movwf	PWM3_LoadDutyValue@dutyValue
  1245  0713  3000               	movlw	0
  1246  0714  00F7               	movwf	PWM3_LoadDutyValue@dutyValue+1
  1247  0715  3187  2735  3187   	fcall	_PWM3_LoadDutyValue
  1248  0718                     l839:
  1249                           
  1250                           ;main.c: 158:     else if((PORTCbits.RC7==1)&&(PORTCbits.RC6==1)&&(PORTCbits.RC5==1))
  1251  0718  3021               	movlw	33
  1252  0719  00FA               	movwf	??_Bajo
  1253  071A  3076               	movlw	118
  1254  071B                     u327:
  1255  071B  0B89               	decfsz	9,f
  1256  071C  2F1B               	goto	u327
  1257  071D  0BFA               	decfsz	??_Bajo,f
  1258  071E  2F1B               	goto	u327
  1259  071F  3200               	nop2
  1260  0720                     l119:
  1261  0720  0008               	return
  1262  0721                     __end_of_Bajo:
  1263                           
  1264                           	psect	text10
  1265  06F9                     __ptext10:	
  1266 ;; *************** function _Alto *****************
  1267 ;; Defined at:
  1268 ;;		line 170 in file "main.c"
  1269 ;; Parameters:    Size  Location     Type
  1270 ;;		None
  1271 ;; Auto vars:     Size  Location     Type
  1272 ;;		None
  1273 ;; Return value:  Size  Location     Type
  1274 ;;                  1    wreg      void 
  1275 ;; Registers used:
  1276 ;;		wreg, status,2, status,0, pclath, cstack
  1277 ;; Tracked objects:
  1278 ;;		On entry : 0/0
  1279 ;;		On exit  : 0/0
  1280 ;;		Unchanged: 0/0
  1281 ;; Data sizes:     COMMON   BANK0   BANK1   BANK2   BANK3   BANK4   BANK5   BANK6
  1282 ;;      Params:         0       0       0       0       0       0       0       0
  1283 ;;      Locals:         0       0       0       0       0       0       0       0
  1284 ;;      Temps:          1       0       0       0       0       0       0       0
  1285 ;;      Totals:         1       0       0       0       0       0       0       0
  1286 ;;Total ram usage:        1 bytes
  1287 ;; Hardware stack levels used:    1
  1288 ;; Hardware stack levels required when called:    1
  1289 ;; This function calls:
  1290 ;;		_PWM3_LoadDutyValue
  1291 ;; This function is called by:
  1292 ;;		_Leer
  1293 ;; This function uses a non-reentrant model
  1294 ;;
  1295                           
  1296                           
  1297                           ;psect for function _Alto
  1298  06F9                     _Alto:
  1299  06F9                     l847:	
  1300                           ;incstack = 0
  1301                           ; Regs used in _Alto: [wreg+status,2+status,0+pclath+cstack]
  1302                           
  1303                           
  1304                           ;main.c: 172:     while(1){
  1305  06F9  0140               	movlb	0	; select bank0
  1306  06FA  141A               	bsf	26,0	;volatile
  1307                           
  1308                           ;main.c: 173:       Leer();
  1309  06FB  149A               	bsf	26,1	;volatile
  1310                           
  1311                           ;main.c: 174:        _delay((unsigned long)((50)*(1000000/4000.0)));
  1312  06FC  1619               	bsf	25,4	;volatile
  1313  06FD                     l849:
  1314                           
  1315                           ;main.c: 175:     }
  1316  06FD  3084               	movlw	132
  1317  06FE  00F6               	movwf	PWM3_LoadDutyValue@dutyValue
  1318  06FF  3003               	movlw	3
  1319  0700  00F7               	movwf	PWM3_LoadDutyValue@dutyValue+1
  1320  0701  3187  2735  3186   	fcall	_PWM3_LoadDutyValue
  1321  0704                     l851:
  1322                           
  1323                           ;main.c: 176: }
  1324  0704  3021               	movlw	33
  1325  0705  00FA               	movwf	??_Alto
  1326  0706  3076               	movlw	118
  1327  0707                     u337:
  1328  0707  0B89               	decfsz	9,f
  1329  0708  2F07               	goto	u337
  1330  0709  0BFA               	decfsz	??_Alto,f
  1331  070A  2F07               	goto	u337
  1332  070B  3200               	nop2
  1333  070C                     l125:
  1334  070C  0008               	return
  1335  070D                     __end_of_Alto:
  1336                           
  1337                           	psect	text11
  1338  0735                     __ptext11:	
  1339 ;; *************** function _PWM3_LoadDutyValue *****************
  1340 ;; Defined at:
  1341 ;;		line 131 in file "main.c"
  1342 ;; Parameters:    Size  Location     Type
  1343 ;;  dutyValue       2    0[COMMON] unsigned short 
  1344 ;; Auto vars:     Size  Location     Type
  1345 ;;		None
  1346 ;; Return value:  Size  Location     Type
  1347 ;;                  1    wreg      void 
  1348 ;; Registers used:
  1349 ;;		wreg, status,2, status,0
  1350 ;; Tracked objects:
  1351 ;;		On entry : 0/0
  1352 ;;		On exit  : 0/0
  1353 ;;		Unchanged: 0/0
  1354 ;; Data sizes:     COMMON   BANK0   BANK1   BANK2   BANK3   BANK4   BANK5   BANK6
  1355 ;;      Params:         2       0       0       0       0       0       0       0
  1356 ;;      Locals:         0       0       0       0       0       0       0       0
  1357 ;;      Temps:          2       0       0       0       0       0       0       0
  1358 ;;      Totals:         4       0       0       0       0       0       0       0
  1359 ;;Total ram usage:        4 bytes
  1360 ;; Hardware stack levels used:    1
  1361 ;; This function calls:
  1362 ;;		Nothing
  1363 ;; This function is called by:
  1364 ;;		_MuyBajo
  1365 ;;		_Bajo
  1366 ;;		_Intermedio
  1367 ;;		_Alto
  1368 ;;		_Falla
  1369 ;; This function uses a non-reentrant model
  1370 ;;
  1371                           
  1372                           
  1373                           ;psect for function _PWM3_LoadDutyValue
  1374  0735                     _PWM3_LoadDutyValue:
  1375  0735                     l821:	
  1376                           ;incstack = 0
  1377                           ; Regs used in _PWM3_LoadDutyValue: [wreg+status,2+status,0]
  1378                           
  1379                           
  1380                           ;main.c: 131:     PWM3_LoadDutyValue(900);;main.c: 132:     _delay((unsigned long)((100)
      +                          *(1000000/4000.0)));;main.c: 133: }
  1381  0735  0877               	movf	PWM3_LoadDutyValue@dutyValue+1,w
  1382  0736  00F9               	movwf	??_PWM3_LoadDutyValue+1
  1383  0737  0876               	movf	PWM3_LoadDutyValue@dutyValue,w
  1384  0738  00F8               	movwf	??_PWM3_LoadDutyValue
  1385  0739  36F9               	lsrf	??_PWM3_LoadDutyValue+1,f
  1386  073A  0CF8               	rrf	??_PWM3_LoadDutyValue,f
  1387  073B  36F9               	lsrf	??_PWM3_LoadDutyValue+1,f
  1388  073C  0CF8               	rrf	??_PWM3_LoadDutyValue,f
  1389  073D  0878               	movf	??_PWM3_LoadDutyValue,w
  1390  073E  0146               	movlb	6	; select bank6
  1391  073F  0095               	movwf	21	;volatile
  1392                           
  1393                           ;main.c: 134: 
  1394  0740  0876               	movf	PWM3_LoadDutyValue@dutyValue,w
  1395  0741  3903               	andlw	3
  1396  0742  00F8               	movwf	??_PWM3_LoadDutyValue
  1397  0743  3005               	movlw	5
  1398  0744                     u145:
  1399  0744  35F8               	lslf	??_PWM3_LoadDutyValue,f
  1400  0745  3EFF               	addlw	-1
  1401  0746  1D03               	skipz
  1402  0747  2F44               	goto	u145
  1403  0748  3578               	lslf	??_PWM3_LoadDutyValue,w
  1404  0749  0094               	movwf	20	;volatile
  1405  074A                     l113:
  1406  074A  0008               	return
  1407  074B                     __end_of_PWM3_LoadDutyValue:
  1408  007E                     btemp	set	126	;btemp
  1409  007E                     wtemp0	set	126
  1410                           
  1411                           	psect	config
  1412                           
  1413                           ;Config register CONFIG1 @ 0x8007
  1414                           ;	External Oscillator Mode Selection bits
  1415                           ;	FEXTOSC = OFF, Oscillator not enabled
  1416                           ;	Power-up Default Value for COSC bits
  1417                           ;	RSTOSC = HFINTOSC_1MHZ, HFINTOSC (1 MHz)
  1418                           ;	Clock Out Enable bit
  1419                           ;	CLKOUTEN = OFF, CLKOUT function is disabled; I/O function on RA4
  1420                           ;	VDD Range Analog Calibration Selection bit
  1421                           ;	VDDAR = HI, Internal analog systems are calibrated for operation between VDD = 2.3V - 
      +                          5.5V
  1422  8007                     	org	32775
  1423  8007  3FED               	dw	16365
  1424                           
  1425                           ;Config register CONFIG2 @ 0x8008
  1426                           ;	Master Clear Enable bit
  1427                           ;	MCLRE = EXTMCLR, If LVP = 0, MCLR pin is MCLR; If LVP = 1, RA3 pin function is MCLR
  1428                           ;	Power-up Timer Selection bits
  1429                           ;	PWRTS = PWRT_OFF, PWRT is disabled
  1430                           ;	WDT Operating Mode bits
  1431                           ;	WDTE = OFF, WDT disabled; SEN is ignored
  1432                           ;	Brown-out Reset Enable bits
  1433                           ;	BOREN = ON, Brown-out Reset Enabled, SBOREN bit is ignored
  1434                           ;	Brown-out Reset Voltage Selection bit
  1435                           ;	BORV = LO, Brown-out Reset Voltage (VBOR) set to 1.9V
  1436                           ;	PPSLOCKED One-Way Set Enable bit
  1437                           ;	PPS1WAY = ON, The PPSLOCKED bit can be cleared and set only once in software
  1438                           ;	Stack Overflow/Underflow Reset Enable bit
  1439                           ;	STVREN = ON, Stack Overflow or Underflow will cause a reset
  1440  8008                     	org	32776
  1441  8008  3FE7               	dw	16359
  1442                           
  1443                           ;Config register CONFIG4 @ 0x800A
  1444                           ;	Boot Block Size Selection bits
  1445                           ;	BBSIZE = BB512, 512 words boot block size
  1446                           ;	Boot Block Enable bit
  1447                           ;	BBEN = OFF, Boot Block is disabled
  1448                           ;	SAF Enable bit
  1449                           ;	SAFEN = OFF, SAF is disabled
  1450                           ;	Application Block Write Protection bit
  1451                           ;	WRTAPP = OFF, Application Block is not write-protected
  1452                           ;	Boot Block Write Protection bit
  1453                           ;	WRTB = OFF, Boot Block is not write-protected
  1454                           ;	Configuration Registers Write Protection bit
  1455                           ;	WRTC = OFF, Configuration Registers are not write-protected
  1456                           ;	Storage Area Flash (SAF) Write Protection bit
  1457                           ;	WRTSAF = OFF, SAF is not write-protected
  1458                           ;	Low Voltage Programming Enable bit
  1459                           ;	LVP = ON, Low Voltage programming enabled. MCLR/Vpp pin function is MCLR. MCLRE Config
      +                          uration bit is ignored.
  1460  800A                     	org	32778
  1461  800A  3FFF               	dw	16383
  1462                           
  1463                           ;Config register CONFIG5 @ 0x800B
  1464                           ;	User Program Flash Memory Code Protection bit
  1465                           ;	CP = OFF, User Program Flash Memory code protection is disabled
  1466  800B                     	org	32779
  1467  800B  3FFF               	dw	16383

Data Sizes:
    Strings     0
    Constant    0
    Data        0
    BSS         6
    Persistent  32
    Stack       0

Auto Spaces:
    Space          Size  Autos    Used
    COMMON           14      6      12
    BANK0            80      0       0
    BANK1            80      0       0
    BANK2            80      0       0
    BANK3            80      0       0
    BANK4            80      0       0
    BANK5            80      0       0
    BANK6            16      0       0

Pointer List with Targets:

    None.

Critical Paths under _main in COMMON

    _Leer->_Alto
    _Leer->_Bajo
    _Leer->_Falla
    _Leer->_Intermedio
    _Leer->_MuyBajo
    _MuyBajo->_PWM3_LoadDutyValue
    _Intermedio->_PWM3_LoadDutyValue
    _Falla->_PWM3_LoadDutyValue
    _Bajo->_PWM3_LoadDutyValue
    _Alto->_PWM3_LoadDutyValue

Critical Paths under _main in BANK0

    None.

Critical Paths under _main in BANK1

    None.

Critical Paths under _main in BANK2

    None.

Critical Paths under _main in BANK3

    None.

Critical Paths under _main in BANK4

    None.

Critical Paths under _main in BANK5

    None.

Critical Paths under _main in BANK6

    None.

Call Graph Tables:

 ---------------------------------------------------------------------------------
 (Depth) Function   	        Calls       Base Space   Used Autos Params    Refs
 ---------------------------------------------------------------------------------
 (0) _main                                                 1     1      0    2120
                                              5 COMMON     1     1      0
                               _Leer
              _OSCILLATOR_Initialize
             _PIN_MANAGER_Initialize
                    _PWM3_Initialize
                    _TMR2_Initialize
 ---------------------------------------------------------------------------------
 (1) _TMR2_Initialize                                      0     0      0       0
 ---------------------------------------------------------------------------------
 (1) _PWM3_Initialize                                      0     0      0       0
 ---------------------------------------------------------------------------------
 (1) _PIN_MANAGER_Initialize                               0     0      0       0
 ---------------------------------------------------------------------------------
 (1) _OSCILLATOR_Initialize                                0     0      0       0
 ---------------------------------------------------------------------------------
 (1) _Leer                                                 0     0      0    2120
                               _Alto
                               _Bajo
                              _Falla
                         _Intermedio
                            _MuyBajo
 ---------------------------------------------------------------------------------
 (2) _MuyBajo                                              1     1      0     424
                                              4 COMMON     1     1      0
                 _PWM3_LoadDutyValue
 ---------------------------------------------------------------------------------
 (2) _Intermedio                                           1     1      0     424
                                              4 COMMON     1     1      0
                 _PWM3_LoadDutyValue
 ---------------------------------------------------------------------------------
 (2) _Falla                                                1     1      0     424
                                              4 COMMON     1     1      0
                 _PWM3_LoadDutyValue
 ---------------------------------------------------------------------------------
 (2) _Bajo                                                 1     1      0     424
                                              4 COMMON     1     1      0
                 _PWM3_LoadDutyValue
 ---------------------------------------------------------------------------------
 (2) _Alto                                                 1     1      0     424
                                              4 COMMON     1     1      0
                 _PWM3_LoadDutyValue
 ---------------------------------------------------------------------------------
 (3) _PWM3_LoadDutyValue                                   4     2      2     424
                                              0 COMMON     4     2      2
 ---------------------------------------------------------------------------------
 Estimated maximum stack depth 3
 ---------------------------------------------------------------------------------

 Call Graph Graphs:

 _main (ROOT)
   _Leer
     _Alto
       _PWM3_LoadDutyValue
     _Bajo
       _PWM3_LoadDutyValue
     _Falla
       _PWM3_LoadDutyValue
     _Intermedio
       _PWM3_LoadDutyValue
     _MuyBajo
       _PWM3_LoadDutyValue
   _OSCILLATOR_Initialize
   _PIN_MANAGER_Initialize
   _PWM3_Initialize
   _TMR2_Initialize

 Address spaces:
Name               Size   Autos  Total    Cost      Usage
BIGRAM             1F0      0       0       0        0.0%
NULL                 0      0       0       0        0.0%
CODE                 0      0       0       0        0.0%
BITCOMMON            E      0       0       1        0.0%
BITSFR0              0      0       0       1        0.0%
SFR0                 0      0       0       1        0.0%
COMMON               E      6       C       2       85.7%
BITSFR1              0      0       0       2        0.0%
SFR1                 0      0       0       2        0.0%
BITSFR2              0      0       0       3        0.0%
SFR2                 0      0       0       3        0.0%
STACK                0      0       0       3        0.0%
BITSFR3              0      0       0       4        0.0%
SFR3                 0      0       0       4        0.0%
ABS                  0      0       C       4        0.0%
BITBANK0            50      0       0       5        0.0%
BITSFR4              0      0       0       5        0.0%
SFR4                 0      0       0       5        0.0%
BANK0               50      0       0       6        0.0%
BITSFR5              0      0       0       6        0.0%
SFR5                 0      0       0       6        0.0%
BITBANK1            50      0       0       7        0.0%
BITSFR6              0      0       0       7        0.0%
SFR6                 0      0       0       7        0.0%
BANK1               50      0       0       8        0.0%
BITSFR7              0      0       0       8        0.0%
SFR7                 0      0       0       8        0.0%
BITBANK2            50      0       0       9        0.0%
BITSFR8              0      0       0       9        0.0%
SFR8                 0      0       0       9        0.0%
BANK2               50      0       0      10        0.0%
BITSFR9              0      0       0      10        0.0%
SFR9                 0      0       0      10        0.0%
BITBANK3            50      0       0      11        0.0%
BITSFR10             0      0       0      11        0.0%
SFR10                0      0       0      11        0.0%
BANK3               50      0       0      12        0.0%
BITSFR11             0      0       0      12        0.0%
SFR11                0      0       0      12        0.0%
BITBANK4            50      0       0      13        0.0%
BITSFR12             0      0       0      13        0.0%
SFR12                0      0       0      13        0.0%
BANK4               50      0       0      14        0.0%
BITSFR13             0      0       0      14        0.0%
SFR13                0      0       0      14        0.0%
BITBANK5            50      0       0      15        0.0%
BITSFR14             0      0       0      15        0.0%
SFR14                0      0       0      15        0.0%
BANK5               50      0       0      16        0.0%
BITSFR15             0      0       0      16        0.0%
SFR15                0      0       0      16        0.0%
BITBANK6            10      0       0      17        0.0%
BITSFR16             0      0       0      17        0.0%
SFR16                0      0       0      17        0.0%
BANK6               10      0       0      18        0.0%
BITSFR17             0      0       0      18        0.0%
SFR17                0      0       0      18        0.0%
BITSFR18             0      0       0      19        0.0%
SFR18                0      0       0      19        0.0%
DATA                 0      0       C      19        0.0%
BITSFR19             0      0       0      20        0.0%
SFR19                0      0       0      20        0.0%
BITSFR20             0      0       0      21        0.0%
SFR20                0      0       0      21        0.0%
BITSFR21             0      0       0      22        0.0%
SFR21                0      0       0      22        0.0%
BITSFR22             0      0       0      23        0.0%
SFR22                0      0       0      23        0.0%
BITSFR23             0      0       0      24        0.0%
SFR23                0      0       0      24        0.0%
BITSFR24             0      0       0      25        0.0%
SFR24                0      0       0      25        0.0%
BITSFR25             0      0       0      26        0.0%
SFR25                0      0       0      26        0.0%
BITSFR26             0      0       0      27        0.0%
SFR26                0      0       0      27        0.0%
BITSFR27             0      0       0      28        0.0%
SFR27                0      0       0      28        0.0%
BITSFR28             0      0       0      29        0.0%
SFR28                0      0       0      29        0.0%
BITSFR29             0      0       0      30        0.0%
SFR29                0      0       0      30        0.0%
BITSFR30             0      0       0      31        0.0%
SFR30                0      0       0      31        0.0%
BITSFR31             0      0       0      32        0.0%
SFR31                0      0       0      32        0.0%
BITSFR32             0      0       0      33        0.0%
SFR32                0      0       0      33        0.0%
BITSFR33             0      0       0      34        0.0%
SFR33                0      0       0      34        0.0%
BITSFR34             0      0       0      35        0.0%
SFR34                0      0       0      35        0.0%
BITSFR35             0      0       0      36        0.0%
SFR35                0      0       0      36        0.0%
BITSFR36             0      0       0      37        0.0%
SFR36                0      0       0      37        0.0%
BITSFR37             0      0       0      38        0.0%
SFR37                0      0       0      38        0.0%
BITSFR38             0      0       0      39        0.0%
SFR38                0      0       0      39        0.0%
BITSFR39             0      0       0      40        0.0%
SFR39                0      0       0      40        0.0%
BITSFR40             0      0       0      41        0.0%
SFR40                0      0       0      41        0.0%
BITSFR41             0      0       0      42        0.0%
SFR41                0      0       0      42        0.0%
BITSFR42             0      0       0      43        0.0%
SFR42                0      0       0      43        0.0%
BITSFR43             0      0       0      44        0.0%
SFR43                0      0       0      44        0.0%
BITSFR44             0      0       0      45        0.0%
SFR44                0      0       0      45        0.0%
BITSFR45             0      0       0      46        0.0%
SFR45                0      0       0      46        0.0%
BITSFR46             0      0       0      47        0.0%
SFR46                0      0       0      47        0.0%
BITSFR47             0      0       0      48        0.0%
SFR47                0      0       0      48        0.0%
BITSFR48             0      0       0      49        0.0%
SFR48                0      0       0      49        0.0%
BITSFR49             0      0       0      50        0.0%
SFR49                0      0       0      50        0.0%
BITSFR50             0      0       0      51        0.0%
SFR50                0      0       0      51        0.0%
BITSFR51             0      0       0      52        0.0%
SFR51                0      0       0      52        0.0%
BITSFR52             0      0       0      53        0.0%
SFR52                0      0       0      53        0.0%
BITSFR53             0      0       0      54        0.0%
SFR53                0      0       0      54        0.0%
BITSFR54             0      0       0      55        0.0%
SFR54                0      0       0      55        0.0%
BITSFR55             0      0       0      56        0.0%
SFR55                0      0       0      56        0.0%
BITSFR56             0      0       0      57        0.0%
SFR56                0      0       0      57        0.0%
BITSFR57             0      0       0      58        0.0%
SFR57                0      0       0      58        0.0%
BITSFR58             0      0       0      59        0.0%
SFR58                0      0       0      59        0.0%
BITSFR59             0      0       0      60        0.0%
SFR59                0      0       0      60        0.0%
BITSFR60             0      0       0      61        0.0%
SFR60                0      0       0      61        0.0%
BITSFR61             0      0       0      62        0.0%
SFR61                0      0       0      62        0.0%
BITSFR62             0      0       0      63        0.0%
SFR62                0      0       0      63        0.0%
BITSFR63             0      0       0      64        0.0%
SFR63                0      0       0      64        0.0%


Microchip Technology PIC Macro Assembler V2.20 build 20200408173844 
Symbol Table                                                                                   Thu Nov 26 08:47:52 2020

                            l101 07B1                              l110 06D7                              l104 06CF  
                            l113 074A                              l122 0734                              l131 07C3  
                            l107 06E5                              l116 0785                              l125 070C  
                            l133 07D3                              l119 0720                              l135 07E3  
                            l128 06F8                              l139 07F6                              l711 0786  
                            l721 0792                              l713 078A                              l731 0797  
                            l723 0793                              l715 078C                              l821 0735  
                            l741 07A1                              l733 0799                              l725 0794  
                            l717 078E                              l831 0776                              l823 0767  
                            l751 07A8                              l743 07A3                              l735 079B  
                            l727 0795                              l719 0790                              l841 0721  
                            l833 077F                              l825 076B                              l761 07AD  
                            l753 07A9                              l745 07A4                              l737 079D  
                            l729 0796                              l851 0704                              l835 070D  
                            l843 0725                              l827 0773                              l763 06CB  
                            l755 07AA                              l747 07A5                              l739 079F  
                            l771 06DF                              l837 0711                              l853 06E6  
                            l845 072C                              l829 0775                              l861 07B7  
                            l757 07AB                              l749 07A6                              l773 06E0  
                            l765 06D8                              l847 06F9                              l839 0718  
                            l855 06EA                              l871 07CF                              l863 07BB  
                            l759 07AC                              l775 06E2                              l767 06DB  
                            l849 06FD                              l857 06F0                              l881 07EB  
                            l873 07D7                              l865 07BF                              l777 06D0  
                            l769 06DC                              l883 07EF                              l875 07DB  
                            l867 07C7                              l859 07B2                              l891 0751  
                            l885 07F3                              l877 07DF                              l869 07CB  
                            l893 0754                              l879 07E7                              l895 0757  
                            l887 074B                              l897 0759                              l889 074E  
                            l899 075C                              u200 07CF                              u201 07CE  
                            u210 07D7                              u211 07D6                              u220 07DB  
                            u221 07DA                              u230 07DF                              u150 07B7  
                            u231 07DE                              u151 07B6                              u240 07E7  
                            u160 07BB                              u145 0744                              u241 07E6  
                            u161 07BA                              u250 07EB                              u170 07BF  
                            u307 072F                              u251 07EA                              u171 07BE  
                            u260 07EF                              u180 07C7                              u317 06F3  
                            u261 07EE                              u181 07C6                              u190 07CB  
                            u327 071B                              u191 07CA                              u337 0707  
                            u277 075F                              u287 076E                              u297 077A  
                _TMR2_Initialize 06D8                              wreg 0009                             _LATA 0018  
                           _LATB 0019                             _LATC 001A                             _T2PR 028D  
                           _Bajo 070D                             _WPUA 1F39                             _WPUB 1F44  
                           _WPUC 1F4F                             _Alto 06F9                             _Leer 07B2  
                           _main 074B                             btemp 007E                             start 0002  
                __end_of_MuyBajo 0786                            ?_Bajo 0076                            ?_Alto 0076  
 __size_of_OSCILLATOR_Initialize 0005                            ?_Leer 0076    __end_of_OSCILLATOR_Initialize 06D0  
                          ?_main 0076                            _T2CON 028E                            _T2HLT 028F  
                          _T2TMR 028C                            _T2RST 0291                            _OSCEN 0891  
                          _TRISA 0012                            _TRISB 0013                            _TRISC 0014  
                          _Falla 06E6          __end_of_PWM3_Initialize 06D8                            wtemp0 007E  
                   __end_of_Bajo 0721                     __end_of_Alto 070D                     __end_of_Leer 07F7  
                __initialization 07F7                     __end_of_main 0767          __end_of_TMR2_Initialize 06E6  
                         ??_Bajo 007A                           ??_Alto 007A                           ??_Leer 007B  
                         ??_main 007B                       _Intermedio 0721                           ?_Falla 0076  
                         _ANSELA 1F38                           _ANSELB 1F43                           _ANSELC 1F4E  
                         _RA2PPS 1F12                           _ODCONA 1F3A                           _ODCONB 1F45  
                         _ODCONC 1F50                           _INLVLA 1F3C                           _INLVLB 1F47  
                         _INLVLC 1F52                           _OSCFRQ 0893                           _TRISA2 0092  
                         _TRISC0 00A0                           _TRISC1 00A1                           _TRISB4 009C  
                         _TRISC5 00A5                           _TRISC6 00A6                           _TRISC7 00A7  
                      ??_MuyBajo 007A      __size_of_PWM3_LoadDutyValue 0016                           _estado 0070  
               ?_PWM3_Initialize 0076          __end_of__initialization 07FD                    __end_of_Falla 06F9  
                 __pcstackCOMMON 0076                 ?_TMR2_Initialize 0076                      ?_Intermedio 0076  
                        ??_Falla 007A                       __pmaintext 074B                          _OSCTUNE 0892  
                        _PWM3DCH 0315                          _PWM3DCL 0314                          _PWM3CON 0316  
                        _SLRCONA 1F3B                          _SLRCONB 1F46                          _SLRCONC 1F51  
            __size_of_Intermedio 0014                          _MuyBajo 0767                          __ptext1 06D8  
                        __ptext2 06D0                          __ptext3 0786                          __ptext4 06CB  
                        __ptext5 07B2                          __ptext6 0767                          __ptext7 0721  
                        __ptext8 06E6                          __ptext9 070D            _OSCILLATOR_Initialize 06CB  
       ??_PIN_MANAGER_Initialize 0076             end_of_initialization 07FD                       _resultHigh 0074  
                      _PORTCbits 000E       __end_of_PWM3_LoadDutyValue 074B           ?_OSCILLATOR_Initialize 0076  
                   ??_Intermedio 007A              start_initialization 07F7  __size_of_PIN_MANAGER_Initialize 002C  
       __size_of_PWM3_Initialize 0008               __end_of_Intermedio 0735                      __pbssCOMMON 0070  
                      ___latbits 0001         __size_of_TMR2_Initialize 000E           _PIN_MANAGER_Initialize 0786  
                       ?_MuyBajo 0076                   __size_of_Falla 0013                         _T2CLKCON 0290  
                       _LATBbits 0019                         _LATCbits 001A                         _PIR1bits 070D  
                      _resultLow 0072                ??_PWM3_Initialize 0076                ??_TMR2_Initialize 0076  
               __size_of_MuyBajo 001F          ??_OSCILLATOR_Initialize 0076               _PWM3_LoadDutyValue 0735  
                       __ptext10 06F9                         __ptext11 0735              ?_PWM3_LoadDutyValue 0076  
                  __size_of_Bajo 0014                    __size_of_Alto 0014                    __size_of_Leer 0045  
                  __size_of_main 001C             ??_PWM3_LoadDutyValue 0078          ?_PIN_MANAGER_Initialize 0076  
    PWM3_LoadDutyValue@dutyValue 0076   __end_of_PIN_MANAGER_Initialize 07B2                  _PWM3_Initialize 06D0  
